<!DOCTYPE html PUBLIC "-//W3C//DTD XHTML 1.1//EN" "http://www.w3.org/TR/xhtml11/DTD/xhtml11.dtd">
<html xmlns="http://www.w3.org/1999/xhtml">
<head>
<meta http-equiv="content-type" content="text/html; charset=UTF-8"/>
<title>TestNG Report</title>
<style type="text/css">table {margin-bottom:10px;border-collapse:collapse;empty-cells:show}th,td {border:1px solid #009;padding:.25em .5em}th {vertical-align:bottom}td {vertical-align:top}table a {font-weight:bold}.stripe td {background-color: #E6EBF9}.num {text-align:right}.passedodd td {background-color: #3F3}.passedeven td {background-color: #0A0}.skippedodd td {background-color: #DDD}.skippedeven td {background-color: #CCC}.failedodd td,.attn {background-color: #F33}.failedeven td,.stripe .attn {background-color: #D00}.stacktrace {white-space:pre;font-family:monospace}.totop {font-size:85%;text-align:center;border-bottom:2px solid #000}.invisible {display:none}</style>
</head>
<body>
<table>
<tr><th>Test</th><th># Passed</th><th># Skipped</th><th># Failed</th><th>Time (ms)</th><th>Included Groups</th><th>Excluded Groups</th></tr>
<tr><th colspan="7">Suite</th></tr>
<tr><td><a href="#t0">ChromeTest</a></td><td class="num">0</td><td class="num attn">2</td><td class="num">0</td><td class="num">31,620</td><td></td><td></td></tr>
<tr class="stripe"><td><a href="#t1">FirefoxTest</a></td><td class="num">0</td><td class="num attn">1</td><td class="num attn">1</td><td class="num">227,581</td><td></td><td></td></tr>
<tr><th>Total</th><th class="num">0</th><th class="num attn">3</th><th class="num attn">1</th><th class="num">259,201</th><th colspan="2"></th></tr>
</table>
<table id='summary'><thead><tr><th>Class</th><th>Method</th><th>Start</th><th>Time (ms)</th></tr></thead><tbody><tr><th colspan="4">Suite</th></tr></tbody><tbody id="t0"><tr><th colspan="4">ChromeTest &#8212; failed (configuration methods)</th></tr><tr class="failedeven"><td rowspan="1">test.VerifyHomePage</td><td><a href="#m0">launchBrowser</a></td><td rowspan="1">1643804824610</td><td rowspan="1">30766</td></tr><tr><th colspan="4">ChromeTest &#8212; skipped (configuration methods)</th></tr><tr class="skippedeven"><td rowspan="5">test.VerifyHomePage</td><td><a href="#m1">closeBrowser</a></td><td rowspan="1">1643804856223</td><td rowspan="1">0</td></tr><tr class="skippedeven"><td><a href="#m2">logOutFlipkart</a></td><td rowspan="2">1643804856013</td><td rowspan="2">0</td></tr><tr class="skippedeven"><td><a href="#m3">logOutFlipkart</a></td></tr><tr class="skippedeven"><td><a href="#m4">loginFlipkart</a></td><td rowspan="2">1643804855993</td><td rowspan="2">0</td></tr><tr class="skippedeven"><td><a href="#m5">loginFlipkart</a></td></tr><tr><th colspan="4">ChromeTest &#8212; skipped</th></tr><tr class="skippedeven"><td rowspan="2">test.VerifyHomePage</td><td><a href="#m6">toVerifyMyMobiles</a></td><td rowspan="1">1643804856216</td><td rowspan="1">0</td></tr><tr class="skippedeven"><td><a href="#m7">toVerifyTravelButtonTab</a></td><td rowspan="1">1643804856004</td><td rowspan="1">0</td></tr></tbody>
<tbody id="t1"><tr><th colspan="4">FirefoxTest &#8212; failed (configuration methods)</th></tr><tr class="failedeven"><td rowspan="1">test.VerifyHomePage</td><td><a href="#m8">logOutFlipkart</a></td><td rowspan="1">1643805044577</td><td rowspan="1">7588</td></tr><tr><th colspan="4">FirefoxTest &#8212; failed</th></tr><tr class="failedeven"><td rowspan="1">test.VerifyHomePage</td><td><a href="#m9">toVerifyTravelButtonTab</a></td><td rowspan="1">1643805041281</td><td rowspan="1">3292</td></tr><tr><th colspan="4">FirefoxTest &#8212; skipped (configuration methods)</th></tr><tr class="skippedeven"><td rowspan="3">test.VerifyHomePage</td><td><a href="#m10">closeBrowser</a></td><td rowspan="1">1643805052182</td><td rowspan="1">0</td></tr><tr class="skippedeven"><td><a href="#m11">logOutFlipkart</a></td><td rowspan="1">1643805052180</td><td rowspan="1">0</td></tr><tr class="skippedeven"><td><a href="#m12">loginFlipkart</a></td><td rowspan="1">1643805052174</td><td rowspan="1">0</td></tr><tr><th colspan="4">FirefoxTest &#8212; skipped</th></tr><tr class="skippedeven"><td rowspan="1">test.VerifyHomePage</td><td><a href="#m13">toVerifyMyMobiles</a></td><td rowspan="1">1643805052177</td><td rowspan="1">0</td></tr></tbody>
</table>
<h2>ChromeTest</h2><h3 id="m0">test.VerifyHomePage#launchBrowser</h3><table class="result"><tr class="param"><th>Parameter #1</th></tr><tr class="param stripe"><td>chrome</td></tr><tr><th>Exception</th></tr><tr><td><div class="stacktrace">org.openqa.selenium.SessionNotCreatedException: session not created: This version of ChromeDriver only supports Chrome version 85
Build info: version: &apos;3.141.59&apos;, revision: &apos;e82be7d358&apos;, time: &apos;2018-11-14T08:17:03&apos;
System info: host: &apos;DESKTOP-FN3OND2&apos;, ip: &apos;192.168.43.77&apos;, os.name: &apos;Windows 10&apos;, os.arch: &apos;amd64&apos;, os.version: &apos;10.0&apos;, java.version: &apos;16.0.1&apos;
Driver info: driver.version: ChromeDriver
remote stacktrace: Backtrace:
	Ordinal0 [0x00ABD383+3134339]
	Ordinal0 [0x009AA171+2007409]
	Ordinal0 [0x0084AEE8+569064]
	Ordinal0 [0x007D139F+70559]
	Ordinal0 [0x007CCC63+52323]
	Ordinal0 [0x007F0DFC+200188]
	Ordinal0 [0x007F0C1D+199709]
	Ordinal0 [0x007EEB0B+191243]
	Ordinal0 [0x007D2E77+77431]
	Ordinal0 [0x007D3E3E+81470]
	Ordinal0 [0x007D3DC9+81353]
	Ordinal0 [0x009C0CD9+2100441]
	GetHandleVerifier [0x00C2B75A+1396954]
	GetHandleVerifier [0x00C2B3D9+1396057]
	GetHandleVerifier [0x00C37126+1444518]
	GetHandleVerifier [0x00C2BCE8+1398376]
	Ordinal0 [0x009B7F51+2064209]
	Ordinal0 [0x009C22EB+2106091]
	Ordinal0 [0x009C2411+2106385]
	Ordinal0 [0x009D49C4+2181572]
	BaseThreadInitThunk [0x7616FA29+25]
	RtlGetAppContainerNamedObjectPath [0x77387A9E+286]
	RtlGetAppContainerNamedObjectPath [0x77387A6E+238]

	at org.openqa.selenium.remote.W3CHandshakeResponse.lambda$errorHandler$0(W3CHandshakeResponse.java:62)
	at org.openqa.selenium.remote.HandshakeResponse.lambda$getResponseFunction$0(HandshakeResponse.java:30)
	at org.openqa.selenium.remote.ProtocolHandshake.lambda$createSession$0(ProtocolHandshake.java:126)
	at java.base/java.util.stream.ReferencePipeline$3$1.accept(ReferencePipeline.java:197)
	at java.base/java.util.Spliterators$ArraySpliterator.tryAdvance(Spliterators.java:958)
	at java.base/java.util.stream.ReferencePipeline.forEachWithCancel(ReferencePipeline.java:129)
	at java.base/java.util.stream.AbstractPipeline.copyIntoWithCancel(AbstractPipeline.java:502)
	at java.base/java.util.stream.AbstractPipeline.copyInto(AbstractPipeline.java:488)
	at java.base/java.util.stream.AbstractPipeline.wrapAndCopyInto(AbstractPipeline.java:474)
	at java.base/java.util.stream.FindOps$FindOp.evaluateSequential(FindOps.java:150)
	at java.base/java.util.stream.AbstractPipeline.evaluate(AbstractPipeline.java:234)
	at java.base/java.util.stream.ReferencePipeline.findFirst(ReferencePipeline.java:647)
	at org.openqa.selenium.remote.ProtocolHandshake.createSession(ProtocolHandshake.java:128)
	at org.openqa.selenium.remote.ProtocolHandshake.createSession(ProtocolHandshake.java:74)
	at org.openqa.selenium.remote.HttpCommandExecutor.execute(HttpCommandExecutor.java:136)
	at org.openqa.selenium.remote.service.DriverCommandExecutor.execute(DriverCommandExecutor.java:83)
	at org.openqa.selenium.remote.RemoteWebDriver.execute(RemoteWebDriver.java:552)
	at org.openqa.selenium.remote.RemoteWebDriver.startSession(RemoteWebDriver.java:213)
	at org.openqa.selenium.remote.RemoteWebDriver.&lt;init&gt;(RemoteWebDriver.java:131)
	at org.openqa.selenium.chrome.ChromeDriver.&lt;init&gt;(ChromeDriver.java:181)
	at org.openqa.selenium.chrome.ChromeDriver.&lt;init&gt;(ChromeDriver.java:168)
	at org.openqa.selenium.chrome.ChromeDriver.&lt;init&gt;(ChromeDriver.java:123)
	at base.Base.openChromeBrowser(Base.java:13)
	at test.VerifyHomePage.launchBrowser(VerifyHomePage.java:50)
	at java.base/java.util.concurrent.FutureTask.run(FutureTask.java:264)
	at java.base/java.util.concurrent.ThreadPoolExecutor.runWorker(ThreadPoolExecutor.java:1130)
	at java.base/java.util.concurrent.ThreadPoolExecutor$Worker.run(ThreadPoolExecutor.java:630)
	at java.base/java.lang.Thread.run(Thread.java:831)
... Removed 20 stack frames</div></td></tr></table><p class="totop"><a href="#summary">back to summary</a></p>
<h3 id="m1">test.VerifyHomePage#closeBrowser</h3><table class="result"><tr><th class="invisible"/></tr></table><p class="totop"><a href="#summary">back to summary</a></p>
<h3 id="m2">test.VerifyHomePage#logOutFlipkart</h3><table class="result"><tr><th class="invisible"/></tr></table><p class="totop"><a href="#summary">back to summary</a></p>
<h3 id="m3">test.VerifyHomePage#logOutFlipkart</h3><table class="result"><tr><th class="invisible"/></tr></table><p class="totop"><a href="#summary">back to summary</a></p>
<h3 id="m4">test.VerifyHomePage#loginFlipkart</h3><table class="result"><tr><th class="invisible"/></tr></table><p class="totop"><a href="#summary">back to summary</a></p>
<h3 id="m5">test.VerifyHomePage#loginFlipkart</h3><table class="result"><tr><th class="invisible"/></tr></table><p class="totop"><a href="#summary">back to summary</a></p>
<h3 id="m6">test.VerifyHomePage#toVerifyMyMobiles</h3><table class="result"><tr><th>Exception</th></tr><tr><td><div class="stacktrace">org.openqa.selenium.SessionNotCreatedException: session not created: This version of ChromeDriver only supports Chrome version 85
Build info: version: &apos;3.141.59&apos;, revision: &apos;e82be7d358&apos;, time: &apos;2018-11-14T08:17:03&apos;
System info: host: &apos;DESKTOP-FN3OND2&apos;, ip: &apos;192.168.43.77&apos;, os.name: &apos;Windows 10&apos;, os.arch: &apos;amd64&apos;, os.version: &apos;10.0&apos;, java.version: &apos;16.0.1&apos;
Driver info: driver.version: ChromeDriver
remote stacktrace: Backtrace:
	Ordinal0 [0x00ABD383+3134339]
	Ordinal0 [0x009AA171+2007409]
	Ordinal0 [0x0084AEE8+569064]
	Ordinal0 [0x007D139F+70559]
	Ordinal0 [0x007CCC63+52323]
	Ordinal0 [0x007F0DFC+200188]
	Ordinal0 [0x007F0C1D+199709]
	Ordinal0 [0x007EEB0B+191243]
	Ordinal0 [0x007D2E77+77431]
	Ordinal0 [0x007D3E3E+81470]
	Ordinal0 [0x007D3DC9+81353]
	Ordinal0 [0x009C0CD9+2100441]
	GetHandleVerifier [0x00C2B75A+1396954]
	GetHandleVerifier [0x00C2B3D9+1396057]
	GetHandleVerifier [0x00C37126+1444518]
	GetHandleVerifier [0x00C2BCE8+1398376]
	Ordinal0 [0x009B7F51+2064209]
	Ordinal0 [0x009C22EB+2106091]
	Ordinal0 [0x009C2411+2106385]
	Ordinal0 [0x009D49C4+2181572]
	BaseThreadInitThunk [0x7616FA29+25]
	RtlGetAppContainerNamedObjectPath [0x77387A9E+286]
	RtlGetAppContainerNamedObjectPath [0x77387A6E+238]

	at org.openqa.selenium.remote.W3CHandshakeResponse.lambda$errorHandler$0(W3CHandshakeResponse.java:62)
	at org.openqa.selenium.remote.HandshakeResponse.lambda$getResponseFunction$0(HandshakeResponse.java:30)
	at org.openqa.selenium.remote.ProtocolHandshake.lambda$createSession$0(ProtocolHandshake.java:126)
	at java.base/java.util.stream.ReferencePipeline$3$1.accept(ReferencePipeline.java:197)
	at java.base/java.util.Spliterators$ArraySpliterator.tryAdvance(Spliterators.java:958)
	at java.base/java.util.stream.ReferencePipeline.forEachWithCancel(ReferencePipeline.java:129)
	at java.base/java.util.stream.AbstractPipeline.copyIntoWithCancel(AbstractPipeline.java:502)
	at java.base/java.util.stream.AbstractPipeline.copyInto(AbstractPipeline.java:488)
	at java.base/java.util.stream.AbstractPipeline.wrapAndCopyInto(AbstractPipeline.java:474)
	at java.base/java.util.stream.FindOps$FindOp.evaluateSequential(FindOps.java:150)
	at java.base/java.util.stream.AbstractPipeline.evaluate(AbstractPipeline.java:234)
	at java.base/java.util.stream.ReferencePipeline.findFirst(ReferencePipeline.java:647)
	at org.openqa.selenium.remote.ProtocolHandshake.createSession(ProtocolHandshake.java:128)
	at org.openqa.selenium.remote.ProtocolHandshake.createSession(ProtocolHandshake.java:74)
	at org.openqa.selenium.remote.HttpCommandExecutor.execute(HttpCommandExecutor.java:136)
	at org.openqa.selenium.remote.service.DriverCommandExecutor.execute(DriverCommandExecutor.java:83)
	at org.openqa.selenium.remote.RemoteWebDriver.execute(RemoteWebDriver.java:552)
	at org.openqa.selenium.remote.RemoteWebDriver.startSession(RemoteWebDriver.java:213)
	at org.openqa.selenium.remote.RemoteWebDriver.&lt;init&gt;(RemoteWebDriver.java:131)
	at org.openqa.selenium.chrome.ChromeDriver.&lt;init&gt;(ChromeDriver.java:181)
	at org.openqa.selenium.chrome.ChromeDriver.&lt;init&gt;(ChromeDriver.java:168)
	at org.openqa.selenium.chrome.ChromeDriver.&lt;init&gt;(ChromeDriver.java:123)
	at base.Base.openChromeBrowser(Base.java:13)
	at test.VerifyHomePage.launchBrowser(VerifyHomePage.java:50)
	at java.base/java.util.concurrent.FutureTask.run(FutureTask.java:264)
	at java.base/java.util.concurrent.ThreadPoolExecutor.runWorker(ThreadPoolExecutor.java:1130)
	at java.base/java.util.concurrent.ThreadPoolExecutor$Worker.run(ThreadPoolExecutor.java:630)
	at java.base/java.lang.Thread.run(Thread.java:831)
... Removed 20 stack frames</div></td></tr></table><p class="totop"><a href="#summary">back to summary</a></p>
<h3 id="m7">test.VerifyHomePage#toVerifyTravelButtonTab</h3><table class="result"><tr><th>Exception</th></tr><tr><td><div class="stacktrace">org.openqa.selenium.SessionNotCreatedException: session not created: This version of ChromeDriver only supports Chrome version 85
Build info: version: &apos;3.141.59&apos;, revision: &apos;e82be7d358&apos;, time: &apos;2018-11-14T08:17:03&apos;
System info: host: &apos;DESKTOP-FN3OND2&apos;, ip: &apos;192.168.43.77&apos;, os.name: &apos;Windows 10&apos;, os.arch: &apos;amd64&apos;, os.version: &apos;10.0&apos;, java.version: &apos;16.0.1&apos;
Driver info: driver.version: ChromeDriver
remote stacktrace: Backtrace:
	Ordinal0 [0x00ABD383+3134339]
	Ordinal0 [0x009AA171+2007409]
	Ordinal0 [0x0084AEE8+569064]
	Ordinal0 [0x007D139F+70559]
	Ordinal0 [0x007CCC63+52323]
	Ordinal0 [0x007F0DFC+200188]
	Ordinal0 [0x007F0C1D+199709]
	Ordinal0 [0x007EEB0B+191243]
	Ordinal0 [0x007D2E77+77431]
	Ordinal0 [0x007D3E3E+81470]
	Ordinal0 [0x007D3DC9+81353]
	Ordinal0 [0x009C0CD9+2100441]
	GetHandleVerifier [0x00C2B75A+1396954]
	GetHandleVerifier [0x00C2B3D9+1396057]
	GetHandleVerifier [0x00C37126+1444518]
	GetHandleVerifier [0x00C2BCE8+1398376]
	Ordinal0 [0x009B7F51+2064209]
	Ordinal0 [0x009C22EB+2106091]
	Ordinal0 [0x009C2411+2106385]
	Ordinal0 [0x009D49C4+2181572]
	BaseThreadInitThunk [0x7616FA29+25]
	RtlGetAppContainerNamedObjectPath [0x77387A9E+286]
	RtlGetAppContainerNamedObjectPath [0x77387A6E+238]

	at org.openqa.selenium.remote.W3CHandshakeResponse.lambda$errorHandler$0(W3CHandshakeResponse.java:62)
	at org.openqa.selenium.remote.HandshakeResponse.lambda$getResponseFunction$0(HandshakeResponse.java:30)
	at org.openqa.selenium.remote.ProtocolHandshake.lambda$createSession$0(ProtocolHandshake.java:126)
	at java.base/java.util.stream.ReferencePipeline$3$1.accept(ReferencePipeline.java:197)
	at java.base/java.util.Spliterators$ArraySpliterator.tryAdvance(Spliterators.java:958)
	at java.base/java.util.stream.ReferencePipeline.forEachWithCancel(ReferencePipeline.java:129)
	at java.base/java.util.stream.AbstractPipeline.copyIntoWithCancel(AbstractPipeline.java:502)
	at java.base/java.util.stream.AbstractPipeline.copyInto(AbstractPipeline.java:488)
	at java.base/java.util.stream.AbstractPipeline.wrapAndCopyInto(AbstractPipeline.java:474)
	at java.base/java.util.stream.FindOps$FindOp.evaluateSequential(FindOps.java:150)
	at java.base/java.util.stream.AbstractPipeline.evaluate(AbstractPipeline.java:234)
	at java.base/java.util.stream.ReferencePipeline.findFirst(ReferencePipeline.java:647)
	at org.openqa.selenium.remote.ProtocolHandshake.createSession(ProtocolHandshake.java:128)
	at org.openqa.selenium.remote.ProtocolHandshake.createSession(ProtocolHandshake.java:74)
	at org.openqa.selenium.remote.HttpCommandExecutor.execute(HttpCommandExecutor.java:136)
	at org.openqa.selenium.remote.service.DriverCommandExecutor.execute(DriverCommandExecutor.java:83)
	at org.openqa.selenium.remote.RemoteWebDriver.execute(RemoteWebDriver.java:552)
	at org.openqa.selenium.remote.RemoteWebDriver.startSession(RemoteWebDriver.java:213)
	at org.openqa.selenium.remote.RemoteWebDriver.&lt;init&gt;(RemoteWebDriver.java:131)
	at org.openqa.selenium.chrome.ChromeDriver.&lt;init&gt;(ChromeDriver.java:181)
	at org.openqa.selenium.chrome.ChromeDriver.&lt;init&gt;(ChromeDriver.java:168)
	at org.openqa.selenium.chrome.ChromeDriver.&lt;init&gt;(ChromeDriver.java:123)
	at base.Base.openChromeBrowser(Base.java:13)
	at test.VerifyHomePage.launchBrowser(VerifyHomePage.java:50)
	at java.base/java.util.concurrent.FutureTask.run(FutureTask.java:264)
	at java.base/java.util.concurrent.ThreadPoolExecutor.runWorker(ThreadPoolExecutor.java:1130)
	at java.base/java.util.concurrent.ThreadPoolExecutor$Worker.run(ThreadPoolExecutor.java:630)
	at java.base/java.lang.Thread.run(Thread.java:831)
... Removed 20 stack frames</div></td></tr></table><p class="totop"><a href="#summary">back to summary</a></p>
<h2>FirefoxTest</h2><h3 id="m8">test.VerifyHomePage#logOutFlipkart</h3><table class="result"><tr class="param"><th>Parameter #1</th></tr><tr class="param stripe"><td>[TestResult name=toVerifyTravelButtonTab status=FAILURE method=VerifyHomePage.toVerifyTravelButtonTab()[pri:1, instance:test.VerifyHomePage@78b66d36] output={null}]</td></tr><tr><th>Exception</th></tr><tr><td><div class="stacktrace">java.io.FileNotFoundException: test-output\testScreenshots\Test_101Date and Time.jpg (The system cannot find the path specified)
	at java.base/java.io.FileOutputStream.open0(Native Method)
	at java.base/java.io.FileOutputStream.open(FileOutputStream.java:291)
	at java.base/java.io.FileOutputStream.&lt;init&gt;(FileOutputStream.java:234)
	at java.base/java.io.FileOutputStream.&lt;init&gt;(FileOutputStream.java:184)
	at org.openqa.selenium.io.FileHandler.copyFile(FileHandler.java:138)
	at org.openqa.selenium.io.FileHandler.copy(FileHandler.java:117)
	at Utils.Utility2.saveScrenshot(Utility2.java:19)
	at test.VerifyHomePage.logOutFlipkart(VerifyHomePage.java:115)
	at java.base/java.util.concurrent.FutureTask.run(FutureTask.java:264)
	at java.base/java.util.concurrent.ThreadPoolExecutor.runWorker(ThreadPoolExecutor.java:1130)
	at java.base/java.util.concurrent.ThreadPoolExecutor$Worker.run(ThreadPoolExecutor.java:630)
	at java.base/java.lang.Thread.run(Thread.java:831)
... Removed 19 stack frames</div></td></tr></table><p class="totop"><a href="#summary">back to summary</a></p>
<h3 id="m9">test.VerifyHomePage#toVerifyTravelButtonTab</h3><table class="result"><tr><th>Exception</th></tr><tr><td><div class="stacktrace">org.openqa.selenium.ElementNotInteractableException: Element &lt;img class=&quot;_396cs4&quot; src=&quot;//static-assets-web.flixcart.com/www/linchpin/fk-cp-zion/img/placeholder_fcebae.svg&quot;&gt; could not be scrolled into view
Build info: version: &apos;3.141.59&apos;, revision: &apos;e82be7d358&apos;, time: &apos;2018-11-14T08:17:03&apos;
System info: host: &apos;DESKTOP-FN3OND2&apos;, ip: &apos;192.168.43.77&apos;, os.name: &apos;Windows 10&apos;, os.arch: &apos;amd64&apos;, os.version: &apos;10.0&apos;, java.version: &apos;16.0.1&apos;
Driver info: org.openqa.selenium.firefox.FirefoxDriver
Capabilities {acceptInsecureCerts: true, browserName: firefox, browserVersion: 95.0.2, javascriptEnabled: true, moz:accessibilityChecks: false, moz:buildID: 20211218203254, moz:geckodriverVersion: 0.27.0, moz:headless: false, moz:processID: 13376, moz:profile: C:\Users\User\AppData\Local..., moz:shutdownTimeout: 60000, moz:useNonSpecCompliantPointerOrigin: false, moz:webdriverClick: true, pageLoadStrategy: normal, platform: WINDOWS, platformName: WINDOWS, platformVersion: 10.0, proxy: Proxy(), setWindowRect: true, strictFileInteractability: false, timeouts: {implicit: 0, pageLoad: 300000, script: 30000}, unhandledPromptBehavior: dismiss and notify}
Session ID: 1893f689-094b-4b3d-861b-178495de42e4
	at org.openqa.selenium.remote.http.W3CHttpResponseCodec.createException(W3CHttpResponseCodec.java:187)
	at org.openqa.selenium.remote.http.W3CHttpResponseCodec.decode(W3CHttpResponseCodec.java:122)
	at org.openqa.selenium.remote.http.W3CHttpResponseCodec.decode(W3CHttpResponseCodec.java:49)
	at org.openqa.selenium.remote.HttpCommandExecutor.execute(HttpCommandExecutor.java:158)
	at org.openqa.selenium.remote.service.DriverCommandExecutor.execute(DriverCommandExecutor.java:83)
	at org.openqa.selenium.remote.RemoteWebDriver.execute(RemoteWebDriver.java:552)
	at org.openqa.selenium.remote.RemoteWebElement.execute(RemoteWebElement.java:285)
	at org.openqa.selenium.remote.RemoteWebElement.click(RemoteWebElement.java:84)
	at org.openqa.selenium.support.pagefactory.internal.LocatingElementHandler.invoke(LocatingElementHandler.java:51)
	at jdk.proxy2/jdk.proxy2.$Proxy16.click(Unknown Source)
	at pom.HomePage.travelButtonClick(HomePage.java:40)
	at test.VerifyHomePage.toVerifyTravelButtonTab(VerifyHomePage.java:78)
	at java.base/java.util.concurrent.FutureTask.run(FutureTask.java:264)
	at java.base/java.util.concurrent.ThreadPoolExecutor.runWorker(ThreadPoolExecutor.java:1130)
	at java.base/java.util.concurrent.ThreadPoolExecutor$Worker.run(ThreadPoolExecutor.java:630)
	at java.base/java.lang.Thread.run(Thread.java:831)
... Removed 25 stack frames</div></td></tr></table><p class="totop"><a href="#summary">back to summary</a></p>
<h3 id="m10">test.VerifyHomePage#closeBrowser</h3><table class="result"><tr><th class="invisible"/></tr></table><p class="totop"><a href="#summary">back to summary</a></p>
<h3 id="m11">test.VerifyHomePage#logOutFlipkart</h3><table class="result"><tr><th class="invisible"/></tr></table><p class="totop"><a href="#summary">back to summary</a></p>
<h3 id="m12">test.VerifyHomePage#loginFlipkart</h3><table class="result"><tr><th class="invisible"/></tr></table><p class="totop"><a href="#summary">back to summary</a></p>
<h3 id="m13">test.VerifyHomePage#toVerifyMyMobiles</h3><table class="result"><tr><th>Exception</th></tr><tr><td><div class="stacktrace">java.io.FileNotFoundException: test-output\testScreenshots\Test_101Date and Time.jpg (The system cannot find the path specified)
	at java.base/java.io.FileOutputStream.open0(Native Method)
	at java.base/java.io.FileOutputStream.open(FileOutputStream.java:291)
	at java.base/java.io.FileOutputStream.&lt;init&gt;(FileOutputStream.java:234)
	at java.base/java.io.FileOutputStream.&lt;init&gt;(FileOutputStream.java:184)
	at org.openqa.selenium.io.FileHandler.copyFile(FileHandler.java:138)
	at org.openqa.selenium.io.FileHandler.copy(FileHandler.java:117)
	at Utils.Utility2.saveScrenshot(Utility2.java:19)
	at test.VerifyHomePage.logOutFlipkart(VerifyHomePage.java:115)
	at java.base/java.util.concurrent.FutureTask.run(FutureTask.java:264)
	at java.base/java.util.concurrent.ThreadPoolExecutor.runWorker(ThreadPoolExecutor.java:1130)
	at java.base/java.util.concurrent.ThreadPoolExecutor$Worker.run(ThreadPoolExecutor.java:630)
	at java.base/java.lang.Thread.run(Thread.java:831)
... Removed 19 stack frames</div></td></tr></table><p class="totop"><a href="#summary">back to summary</a></p>
</body>
</html>
