<?xml version="1.0" encoding="UTF-8"?>
<testng-results ignored="0" total="4" passed="0" failed="1" skipped="3">
  <reporter-output>
  </reporter-output>
  <suite started-at="2022-02-02T12:27:04Z" name="Suite" finished-at="2022-02-02T12:30:52Z" duration-ms="227581">
    <groups>
    </groups>
    <test started-at="2022-02-02T12:27:04Z" name="ChromeTest" finished-at="2022-02-02T12:27:36Z" duration-ms="31620">
      <class name="test.VerifyHomePage">
        <test-method is-config="true" signature="launchBrowser(java.lang.String)[pri:0, instance:test.VerifyHomePage@1f0f1111]" started-at="2022-02-02T12:27:04Z" name="launchBrowser" finished-at="2022-02-02T12:27:35Z" duration-ms="30766" status="FAIL">
          <params>
            <param index="0">
              <value>
                <![CDATA[chrome]]>
              </value>
            </param>
          </params>
          <exception class="org.openqa.selenium.SessionNotCreatedException">
            <message>
              <![CDATA[session not created: This version of ChromeDriver only supports Chrome version 85
Build info: version: '3.141.59', revision: 'e82be7d358', time: '2018-11-14T08:17:03'
System info: host: 'DESKTOP-FN3OND2', ip: '192.168.43.77', os.name: 'Windows 10', os.arch: 'amd64', os.version: '10.0', java.version: '16.0.1'
Driver info: driver.version: ChromeDriver
remote stacktrace: Backtrace:
Ordinal0 [0x00ABD383+3134339]
Ordinal0 [0x009AA171+2007409]
Ordinal0 [0x0084AEE8+569064]
Ordinal0 [0x007D139F+70559]
Ordinal0 [0x007CCC63+52323]
Ordinal0 [0x007F0DFC+200188]
Ordinal0 [0x007F0C1D+199709]
Ordinal0 [0x007EEB0B+191243]
Ordinal0 [0x007D2E77+77431]
Ordinal0 [0x007D3E3E+81470]
Ordinal0 [0x007D3DC9+81353]
Ordinal0 [0x009C0CD9+2100441]
GetHandleVerifier [0x00C2B75A+1396954]
GetHandleVerifier [0x00C2B3D9+1396057]
GetHandleVerifier [0x00C37126+1444518]
GetHandleVerifier [0x00C2BCE8+1398376]
Ordinal0 [0x009B7F51+2064209]
Ordinal0 [0x009C22EB+2106091]
Ordinal0 [0x009C2411+2106385]
Ordinal0 [0x009D49C4+2181572]
BaseThreadInitThunk [0x7616FA29+25]
RtlGetAppContainerNamedObjectPath [0x77387A9E+286]
RtlGetAppContainerNamedObjectPath [0x77387A6E+238]
]]>
            </message>
            <full-stacktrace>
              <![CDATA[org.openqa.selenium.SessionNotCreatedException: session not created: This version of ChromeDriver only supports Chrome version 85
Build info: version: '3.141.59', revision: 'e82be7d358', time: '2018-11-14T08:17:03'
System info: host: 'DESKTOP-FN3OND2', ip: '192.168.43.77', os.name: 'Windows 10', os.arch: 'amd64', os.version: '10.0', java.version: '16.0.1'
Driver info: driver.version: ChromeDriver
remote stacktrace: Backtrace:
Ordinal0 [0x00ABD383+3134339]
Ordinal0 [0x009AA171+2007409]
Ordinal0 [0x0084AEE8+569064]
Ordinal0 [0x007D139F+70559]
Ordinal0 [0x007CCC63+52323]
Ordinal0 [0x007F0DFC+200188]
Ordinal0 [0x007F0C1D+199709]
Ordinal0 [0x007EEB0B+191243]
Ordinal0 [0x007D2E77+77431]
Ordinal0 [0x007D3E3E+81470]
Ordinal0 [0x007D3DC9+81353]
Ordinal0 [0x009C0CD9+2100441]
GetHandleVerifier [0x00C2B75A+1396954]
GetHandleVerifier [0x00C2B3D9+1396057]
GetHandleVerifier [0x00C37126+1444518]
GetHandleVerifier [0x00C2BCE8+1398376]
Ordinal0 [0x009B7F51+2064209]
Ordinal0 [0x009C22EB+2106091]
Ordinal0 [0x009C2411+2106385]
Ordinal0 [0x009D49C4+2181572]
BaseThreadInitThunk [0x7616FA29+25]
RtlGetAppContainerNamedObjectPath [0x77387A9E+286]
RtlGetAppContainerNamedObjectPath [0x77387A6E+238]

at java.base/jdk.internal.reflect.NativeConstructorAccessorImpl.newInstance0(Native Method)
at java.base/jdk.internal.reflect.NativeConstructorAccessorImpl.newInstance(NativeConstructorAccessorImpl.java:78)
at java.base/jdk.internal.reflect.DelegatingConstructorAccessorImpl.newInstance(DelegatingConstructorAccessorImpl.java:45)
at java.base/java.lang.reflect.Constructor.newInstanceWithCaller(Constructor.java:499)
at java.base/java.lang.reflect.Constructor.newInstance(Constructor.java:480)
at org.openqa.selenium.remote.W3CHandshakeResponse.lambda$errorHandler$0(W3CHandshakeResponse.java:62)
at org.openqa.selenium.remote.HandshakeResponse.lambda$getResponseFunction$0(HandshakeResponse.java:30)
at org.openqa.selenium.remote.ProtocolHandshake.lambda$createSession$0(ProtocolHandshake.java:126)
at java.base/java.util.stream.ReferencePipeline$3$1.accept(ReferencePipeline.java:197)
at java.base/java.util.Spliterators$ArraySpliterator.tryAdvance(Spliterators.java:958)
at java.base/java.util.stream.ReferencePipeline.forEachWithCancel(ReferencePipeline.java:129)
at java.base/java.util.stream.AbstractPipeline.copyIntoWithCancel(AbstractPipeline.java:502)
at java.base/java.util.stream.AbstractPipeline.copyInto(AbstractPipeline.java:488)
at java.base/java.util.stream.AbstractPipeline.wrapAndCopyInto(AbstractPipeline.java:474)
at java.base/java.util.stream.FindOps$FindOp.evaluateSequential(FindOps.java:150)
at java.base/java.util.stream.AbstractPipeline.evaluate(AbstractPipeline.java:234)
at java.base/java.util.stream.ReferencePipeline.findFirst(ReferencePipeline.java:647)
at org.openqa.selenium.remote.ProtocolHandshake.createSession(ProtocolHandshake.java:128)
at org.openqa.selenium.remote.ProtocolHandshake.createSession(ProtocolHandshake.java:74)
at org.openqa.selenium.remote.HttpCommandExecutor.execute(HttpCommandExecutor.java:136)
at org.openqa.selenium.remote.service.DriverCommandExecutor.execute(DriverCommandExecutor.java:83)
at org.openqa.selenium.remote.RemoteWebDriver.execute(RemoteWebDriver.java:552)
at org.openqa.selenium.remote.RemoteWebDriver.startSession(RemoteWebDriver.java:213)
at org.openqa.selenium.remote.RemoteWebDriver.<init>(RemoteWebDriver.java:131)
at org.openqa.selenium.chrome.ChromeDriver.<init>(ChromeDriver.java:181)
at org.openqa.selenium.chrome.ChromeDriver.<init>(ChromeDriver.java:168)
at org.openqa.selenium.chrome.ChromeDriver.<init>(ChromeDriver.java:123)
at base.Base.openChromeBrowser(Base.java:13)
at test.VerifyHomePage.launchBrowser(VerifyHomePage.java:50)
at java.base/jdk.internal.reflect.NativeMethodAccessorImpl.invoke0(Native Method)
at java.base/jdk.internal.reflect.NativeMethodAccessorImpl.invoke(NativeMethodAccessorImpl.java:78)
at java.base/jdk.internal.reflect.DelegatingMethodAccessorImpl.invoke(DelegatingMethodAccessorImpl.java:43)
at java.base/java.lang.reflect.Method.invoke(Method.java:567)
at org.testng.internal.MethodInvocationHelper.invokeMethod(MethodInvocationHelper.java:124)
at org.testng.internal.MethodInvocationHelper.invokeMethodConsideringTimeout(MethodInvocationHelper.java:59)
at org.testng.internal.Invoker.invokeConfigurationMethod(Invoker.java:458)
at org.testng.internal.Invoker.invokeConfigurations(Invoker.java:222)
at org.testng.internal.Invoker.invokeConfigurations(Invoker.java:142)
at org.testng.TestRunner.beforeRun(TestRunner.java:529)
at org.testng.TestRunner.run(TestRunner.java:497)
at org.testng.SuiteRunner.runTest(SuiteRunner.java:455)
at org.testng.SuiteRunner.access$000(SuiteRunner.java:40)
at org.testng.SuiteRunner$SuiteWorker.run(SuiteRunner.java:489)
at org.testng.internal.thread.ThreadUtil$1.call(ThreadUtil.java:52)
at java.base/java.util.concurrent.FutureTask.run(FutureTask.java:264)
at java.base/java.util.concurrent.ThreadPoolExecutor.runWorker(ThreadPoolExecutor.java:1130)
at java.base/java.util.concurrent.ThreadPoolExecutor$Worker.run(ThreadPoolExecutor.java:630)
at java.base/java.lang.Thread.run(Thread.java:831)
]]>
            </full-stacktrace>
          </exception> <!-- org.openqa.selenium.SessionNotCreatedException -->
          <reporter-output>
          </reporter-output>
        </test-method> <!-- launchBrowser -->
        <test-method is-config="true" signature="loginFlipkart()[pri:0, instance:test.VerifyHomePage@1f0f1111]" started-at="2022-02-02T12:27:35Z" name="loginFlipkart" finished-at="2022-02-02T12:27:35Z" duration-ms="0" status="SKIP">
          <reporter-output>
          </reporter-output>
        </test-method> <!-- loginFlipkart -->
        <test-method signature="toVerifyTravelButtonTab()[pri:1, instance:test.VerifyHomePage@1f0f1111]" started-at="2022-02-02T12:27:36Z" name="toVerifyTravelButtonTab" finished-at="2022-02-02T12:27:36Z" duration-ms="0" status="SKIP">
          <exception class="org.openqa.selenium.SessionNotCreatedException">
            <message>
              <![CDATA[session not created: This version of ChromeDriver only supports Chrome version 85
Build info: version: '3.141.59', revision: 'e82be7d358', time: '2018-11-14T08:17:03'
System info: host: 'DESKTOP-FN3OND2', ip: '192.168.43.77', os.name: 'Windows 10', os.arch: 'amd64', os.version: '10.0', java.version: '16.0.1'
Driver info: driver.version: ChromeDriver
remote stacktrace: Backtrace:
Ordinal0 [0x00ABD383+3134339]
Ordinal0 [0x009AA171+2007409]
Ordinal0 [0x0084AEE8+569064]
Ordinal0 [0x007D139F+70559]
Ordinal0 [0x007CCC63+52323]
Ordinal0 [0x007F0DFC+200188]
Ordinal0 [0x007F0C1D+199709]
Ordinal0 [0x007EEB0B+191243]
Ordinal0 [0x007D2E77+77431]
Ordinal0 [0x007D3E3E+81470]
Ordinal0 [0x007D3DC9+81353]
Ordinal0 [0x009C0CD9+2100441]
GetHandleVerifier [0x00C2B75A+1396954]
GetHandleVerifier [0x00C2B3D9+1396057]
GetHandleVerifier [0x00C37126+1444518]
GetHandleVerifier [0x00C2BCE8+1398376]
Ordinal0 [0x009B7F51+2064209]
Ordinal0 [0x009C22EB+2106091]
Ordinal0 [0x009C2411+2106385]
Ordinal0 [0x009D49C4+2181572]
BaseThreadInitThunk [0x7616FA29+25]
RtlGetAppContainerNamedObjectPath [0x77387A9E+286]
RtlGetAppContainerNamedObjectPath [0x77387A6E+238]
]]>
            </message>
            <full-stacktrace>
              <![CDATA[org.openqa.selenium.SessionNotCreatedException: session not created: This version of ChromeDriver only supports Chrome version 85
Build info: version: '3.141.59', revision: 'e82be7d358', time: '2018-11-14T08:17:03'
System info: host: 'DESKTOP-FN3OND2', ip: '192.168.43.77', os.name: 'Windows 10', os.arch: 'amd64', os.version: '10.0', java.version: '16.0.1'
Driver info: driver.version: ChromeDriver
remote stacktrace: Backtrace:
Ordinal0 [0x00ABD383+3134339]
Ordinal0 [0x009AA171+2007409]
Ordinal0 [0x0084AEE8+569064]
Ordinal0 [0x007D139F+70559]
Ordinal0 [0x007CCC63+52323]
Ordinal0 [0x007F0DFC+200188]
Ordinal0 [0x007F0C1D+199709]
Ordinal0 [0x007EEB0B+191243]
Ordinal0 [0x007D2E77+77431]
Ordinal0 [0x007D3E3E+81470]
Ordinal0 [0x007D3DC9+81353]
Ordinal0 [0x009C0CD9+2100441]
GetHandleVerifier [0x00C2B75A+1396954]
GetHandleVerifier [0x00C2B3D9+1396057]
GetHandleVerifier [0x00C37126+1444518]
GetHandleVerifier [0x00C2BCE8+1398376]
Ordinal0 [0x009B7F51+2064209]
Ordinal0 [0x009C22EB+2106091]
Ordinal0 [0x009C2411+2106385]
Ordinal0 [0x009D49C4+2181572]
BaseThreadInitThunk [0x7616FA29+25]
RtlGetAppContainerNamedObjectPath [0x77387A9E+286]
RtlGetAppContainerNamedObjectPath [0x77387A6E+238]

at java.base/jdk.internal.reflect.NativeConstructorAccessorImpl.newInstance0(Native Method)
at java.base/jdk.internal.reflect.NativeConstructorAccessorImpl.newInstance(NativeConstructorAccessorImpl.java:78)
at java.base/jdk.internal.reflect.DelegatingConstructorAccessorImpl.newInstance(DelegatingConstructorAccessorImpl.java:45)
at java.base/java.lang.reflect.Constructor.newInstanceWithCaller(Constructor.java:499)
at java.base/java.lang.reflect.Constructor.newInstance(Constructor.java:480)
at org.openqa.selenium.remote.W3CHandshakeResponse.lambda$errorHandler$0(W3CHandshakeResponse.java:62)
at org.openqa.selenium.remote.HandshakeResponse.lambda$getResponseFunction$0(HandshakeResponse.java:30)
at org.openqa.selenium.remote.ProtocolHandshake.lambda$createSession$0(ProtocolHandshake.java:126)
at java.base/java.util.stream.ReferencePipeline$3$1.accept(ReferencePipeline.java:197)
at java.base/java.util.Spliterators$ArraySpliterator.tryAdvance(Spliterators.java:958)
at java.base/java.util.stream.ReferencePipeline.forEachWithCancel(ReferencePipeline.java:129)
at java.base/java.util.stream.AbstractPipeline.copyIntoWithCancel(AbstractPipeline.java:502)
at java.base/java.util.stream.AbstractPipeline.copyInto(AbstractPipeline.java:488)
at java.base/java.util.stream.AbstractPipeline.wrapAndCopyInto(AbstractPipeline.java:474)
at java.base/java.util.stream.FindOps$FindOp.evaluateSequential(FindOps.java:150)
at java.base/java.util.stream.AbstractPipeline.evaluate(AbstractPipeline.java:234)
at java.base/java.util.stream.ReferencePipeline.findFirst(ReferencePipeline.java:647)
at org.openqa.selenium.remote.ProtocolHandshake.createSession(ProtocolHandshake.java:128)
at org.openqa.selenium.remote.ProtocolHandshake.createSession(ProtocolHandshake.java:74)
at org.openqa.selenium.remote.HttpCommandExecutor.execute(HttpCommandExecutor.java:136)
at org.openqa.selenium.remote.service.DriverCommandExecutor.execute(DriverCommandExecutor.java:83)
at org.openqa.selenium.remote.RemoteWebDriver.execute(RemoteWebDriver.java:552)
at org.openqa.selenium.remote.RemoteWebDriver.startSession(RemoteWebDriver.java:213)
at org.openqa.selenium.remote.RemoteWebDriver.<init>(RemoteWebDriver.java:131)
at org.openqa.selenium.chrome.ChromeDriver.<init>(ChromeDriver.java:181)
at org.openqa.selenium.chrome.ChromeDriver.<init>(ChromeDriver.java:168)
at org.openqa.selenium.chrome.ChromeDriver.<init>(ChromeDriver.java:123)
at base.Base.openChromeBrowser(Base.java:13)
at test.VerifyHomePage.launchBrowser(VerifyHomePage.java:50)
at java.base/jdk.internal.reflect.NativeMethodAccessorImpl.invoke0(Native Method)
at java.base/jdk.internal.reflect.NativeMethodAccessorImpl.invoke(NativeMethodAccessorImpl.java:78)
at java.base/jdk.internal.reflect.DelegatingMethodAccessorImpl.invoke(DelegatingMethodAccessorImpl.java:43)
at java.base/java.lang.reflect.Method.invoke(Method.java:567)
at org.testng.internal.MethodInvocationHelper.invokeMethod(MethodInvocationHelper.java:124)
at org.testng.internal.MethodInvocationHelper.invokeMethodConsideringTimeout(MethodInvocationHelper.java:59)
at org.testng.internal.Invoker.invokeConfigurationMethod(Invoker.java:458)
at org.testng.internal.Invoker.invokeConfigurations(Invoker.java:222)
at org.testng.internal.Invoker.invokeConfigurations(Invoker.java:142)
at org.testng.TestRunner.beforeRun(TestRunner.java:529)
at org.testng.TestRunner.run(TestRunner.java:497)
at org.testng.SuiteRunner.runTest(SuiteRunner.java:455)
at org.testng.SuiteRunner.access$000(SuiteRunner.java:40)
at org.testng.SuiteRunner$SuiteWorker.run(SuiteRunner.java:489)
at org.testng.internal.thread.ThreadUtil$1.call(ThreadUtil.java:52)
at java.base/java.util.concurrent.FutureTask.run(FutureTask.java:264)
at java.base/java.util.concurrent.ThreadPoolExecutor.runWorker(ThreadPoolExecutor.java:1130)
at java.base/java.util.concurrent.ThreadPoolExecutor$Worker.run(ThreadPoolExecutor.java:630)
at java.base/java.lang.Thread.run(Thread.java:831)
]]>
            </full-stacktrace>
          </exception> <!-- org.openqa.selenium.SessionNotCreatedException -->
          <reporter-output>
          </reporter-output>
        </test-method> <!-- toVerifyTravelButtonTab -->
        <test-method is-config="true" signature="logOutFlipkart(org.testng.ITestResult)[pri:0, instance:test.VerifyHomePage@1f0f1111]" started-at="2022-02-02T12:27:36Z" name="logOutFlipkart" finished-at="2022-02-02T12:27:36Z" duration-ms="0" status="SKIP">
          <reporter-output>
          </reporter-output>
        </test-method> <!-- logOutFlipkart -->
        <test-method is-config="true" signature="loginFlipkart()[pri:0, instance:test.VerifyHomePage@1f0f1111]" started-at="2022-02-02T12:27:36Z" name="loginFlipkart" finished-at="2022-02-02T12:27:36Z" duration-ms="0" status="SKIP">
          <reporter-output>
          </reporter-output>
        </test-method> <!-- loginFlipkart -->
        <test-method signature="toVerifyMyMobiles()[pri:2, instance:test.VerifyHomePage@1f0f1111]" started-at="2022-02-02T12:27:36Z" name="toVerifyMyMobiles" finished-at="2022-02-02T12:27:36Z" duration-ms="0" status="SKIP">
          <exception class="org.openqa.selenium.SessionNotCreatedException">
            <message>
              <![CDATA[session not created: This version of ChromeDriver only supports Chrome version 85
Build info: version: '3.141.59', revision: 'e82be7d358', time: '2018-11-14T08:17:03'
System info: host: 'DESKTOP-FN3OND2', ip: '192.168.43.77', os.name: 'Windows 10', os.arch: 'amd64', os.version: '10.0', java.version: '16.0.1'
Driver info: driver.version: ChromeDriver
remote stacktrace: Backtrace:
Ordinal0 [0x00ABD383+3134339]
Ordinal0 [0x009AA171+2007409]
Ordinal0 [0x0084AEE8+569064]
Ordinal0 [0x007D139F+70559]
Ordinal0 [0x007CCC63+52323]
Ordinal0 [0x007F0DFC+200188]
Ordinal0 [0x007F0C1D+199709]
Ordinal0 [0x007EEB0B+191243]
Ordinal0 [0x007D2E77+77431]
Ordinal0 [0x007D3E3E+81470]
Ordinal0 [0x007D3DC9+81353]
Ordinal0 [0x009C0CD9+2100441]
GetHandleVerifier [0x00C2B75A+1396954]
GetHandleVerifier [0x00C2B3D9+1396057]
GetHandleVerifier [0x00C37126+1444518]
GetHandleVerifier [0x00C2BCE8+1398376]
Ordinal0 [0x009B7F51+2064209]
Ordinal0 [0x009C22EB+2106091]
Ordinal0 [0x009C2411+2106385]
Ordinal0 [0x009D49C4+2181572]
BaseThreadInitThunk [0x7616FA29+25]
RtlGetAppContainerNamedObjectPath [0x77387A9E+286]
RtlGetAppContainerNamedObjectPath [0x77387A6E+238]
]]>
            </message>
            <full-stacktrace>
              <![CDATA[org.openqa.selenium.SessionNotCreatedException: session not created: This version of ChromeDriver only supports Chrome version 85
Build info: version: '3.141.59', revision: 'e82be7d358', time: '2018-11-14T08:17:03'
System info: host: 'DESKTOP-FN3OND2', ip: '192.168.43.77', os.name: 'Windows 10', os.arch: 'amd64', os.version: '10.0', java.version: '16.0.1'
Driver info: driver.version: ChromeDriver
remote stacktrace: Backtrace:
Ordinal0 [0x00ABD383+3134339]
Ordinal0 [0x009AA171+2007409]
Ordinal0 [0x0084AEE8+569064]
Ordinal0 [0x007D139F+70559]
Ordinal0 [0x007CCC63+52323]
Ordinal0 [0x007F0DFC+200188]
Ordinal0 [0x007F0C1D+199709]
Ordinal0 [0x007EEB0B+191243]
Ordinal0 [0x007D2E77+77431]
Ordinal0 [0x007D3E3E+81470]
Ordinal0 [0x007D3DC9+81353]
Ordinal0 [0x009C0CD9+2100441]
GetHandleVerifier [0x00C2B75A+1396954]
GetHandleVerifier [0x00C2B3D9+1396057]
GetHandleVerifier [0x00C37126+1444518]
GetHandleVerifier [0x00C2BCE8+1398376]
Ordinal0 [0x009B7F51+2064209]
Ordinal0 [0x009C22EB+2106091]
Ordinal0 [0x009C2411+2106385]
Ordinal0 [0x009D49C4+2181572]
BaseThreadInitThunk [0x7616FA29+25]
RtlGetAppContainerNamedObjectPath [0x77387A9E+286]
RtlGetAppContainerNamedObjectPath [0x77387A6E+238]

at java.base/jdk.internal.reflect.NativeConstructorAccessorImpl.newInstance0(Native Method)
at java.base/jdk.internal.reflect.NativeConstructorAccessorImpl.newInstance(NativeConstructorAccessorImpl.java:78)
at java.base/jdk.internal.reflect.DelegatingConstructorAccessorImpl.newInstance(DelegatingConstructorAccessorImpl.java:45)
at java.base/java.lang.reflect.Constructor.newInstanceWithCaller(Constructor.java:499)
at java.base/java.lang.reflect.Constructor.newInstance(Constructor.java:480)
at org.openqa.selenium.remote.W3CHandshakeResponse.lambda$errorHandler$0(W3CHandshakeResponse.java:62)
at org.openqa.selenium.remote.HandshakeResponse.lambda$getResponseFunction$0(HandshakeResponse.java:30)
at org.openqa.selenium.remote.ProtocolHandshake.lambda$createSession$0(ProtocolHandshake.java:126)
at java.base/java.util.stream.ReferencePipeline$3$1.accept(ReferencePipeline.java:197)
at java.base/java.util.Spliterators$ArraySpliterator.tryAdvance(Spliterators.java:958)
at java.base/java.util.stream.ReferencePipeline.forEachWithCancel(ReferencePipeline.java:129)
at java.base/java.util.stream.AbstractPipeline.copyIntoWithCancel(AbstractPipeline.java:502)
at java.base/java.util.stream.AbstractPipeline.copyInto(AbstractPipeline.java:488)
at java.base/java.util.stream.AbstractPipeline.wrapAndCopyInto(AbstractPipeline.java:474)
at java.base/java.util.stream.FindOps$FindOp.evaluateSequential(FindOps.java:150)
at java.base/java.util.stream.AbstractPipeline.evaluate(AbstractPipeline.java:234)
at java.base/java.util.stream.ReferencePipeline.findFirst(ReferencePipeline.java:647)
at org.openqa.selenium.remote.ProtocolHandshake.createSession(ProtocolHandshake.java:128)
at org.openqa.selenium.remote.ProtocolHandshake.createSession(ProtocolHandshake.java:74)
at org.openqa.selenium.remote.HttpCommandExecutor.execute(HttpCommandExecutor.java:136)
at org.openqa.selenium.remote.service.DriverCommandExecutor.execute(DriverCommandExecutor.java:83)
at org.openqa.selenium.remote.RemoteWebDriver.execute(RemoteWebDriver.java:552)
at org.openqa.selenium.remote.RemoteWebDriver.startSession(RemoteWebDriver.java:213)
at org.openqa.selenium.remote.RemoteWebDriver.<init>(RemoteWebDriver.java:131)
at org.openqa.selenium.chrome.ChromeDriver.<init>(ChromeDriver.java:181)
at org.openqa.selenium.chrome.ChromeDriver.<init>(ChromeDriver.java:168)
at org.openqa.selenium.chrome.ChromeDriver.<init>(ChromeDriver.java:123)
at base.Base.openChromeBrowser(Base.java:13)
at test.VerifyHomePage.launchBrowser(VerifyHomePage.java:50)
at java.base/jdk.internal.reflect.NativeMethodAccessorImpl.invoke0(Native Method)
at java.base/jdk.internal.reflect.NativeMethodAccessorImpl.invoke(NativeMethodAccessorImpl.java:78)
at java.base/jdk.internal.reflect.DelegatingMethodAccessorImpl.invoke(DelegatingMethodAccessorImpl.java:43)
at java.base/java.lang.reflect.Method.invoke(Method.java:567)
at org.testng.internal.MethodInvocationHelper.invokeMethod(MethodInvocationHelper.java:124)
at org.testng.internal.MethodInvocationHelper.invokeMethodConsideringTimeout(MethodInvocationHelper.java:59)
at org.testng.internal.Invoker.invokeConfigurationMethod(Invoker.java:458)
at org.testng.internal.Invoker.invokeConfigurations(Invoker.java:222)
at org.testng.internal.Invoker.invokeConfigurations(Invoker.java:142)
at org.testng.TestRunner.beforeRun(TestRunner.java:529)
at org.testng.TestRunner.run(TestRunner.java:497)
at org.testng.SuiteRunner.runTest(SuiteRunner.java:455)
at org.testng.SuiteRunner.access$000(SuiteRunner.java:40)
at org.testng.SuiteRunner$SuiteWorker.run(SuiteRunner.java:489)
at org.testng.internal.thread.ThreadUtil$1.call(ThreadUtil.java:52)
at java.base/java.util.concurrent.FutureTask.run(FutureTask.java:264)
at java.base/java.util.concurrent.ThreadPoolExecutor.runWorker(ThreadPoolExecutor.java:1130)
at java.base/java.util.concurrent.ThreadPoolExecutor$Worker.run(ThreadPoolExecutor.java:630)
at java.base/java.lang.Thread.run(Thread.java:831)
]]>
            </full-stacktrace>
          </exception> <!-- org.openqa.selenium.SessionNotCreatedException -->
          <reporter-output>
          </reporter-output>
        </test-method> <!-- toVerifyMyMobiles -->
        <test-method is-config="true" signature="logOutFlipkart(org.testng.ITestResult)[pri:0, instance:test.VerifyHomePage@1f0f1111]" started-at="2022-02-02T12:27:36Z" name="logOutFlipkart" finished-at="2022-02-02T12:27:36Z" duration-ms="0" status="SKIP">
          <reporter-output>
          </reporter-output>
        </test-method> <!-- logOutFlipkart -->
        <test-method is-config="true" signature="closeBrowser()[pri:0, instance:test.VerifyHomePage@1f0f1111]" started-at="2022-02-02T12:27:36Z" name="closeBrowser" finished-at="2022-02-02T12:27:36Z" duration-ms="0" status="SKIP">
          <reporter-output>
          </reporter-output>
        </test-method> <!-- closeBrowser -->
      </class> <!-- test.VerifyHomePage -->
    </test> <!-- ChromeTest -->
    <test started-at="2022-02-02T12:27:04Z" name="FirefoxTest" finished-at="2022-02-02T12:30:52Z" duration-ms="227581">
      <class name="test.VerifyHomePage">
        <test-method is-config="true" signature="launchBrowser(java.lang.String)[pri:0, instance:test.VerifyHomePage@78b66d36]" started-at="2022-02-02T12:27:04Z" name="launchBrowser" finished-at="2022-02-02T12:28:08Z" duration-ms="63552" status="PASS">
          <params>
            <param index="0">
              <value>
                <![CDATA[firefox]]>
              </value>
            </param>
          </params>
          <reporter-output>
          </reporter-output>
        </test-method> <!-- launchBrowser -->
        <test-method is-config="true" signature="loginFlipkart()[pri:0, instance:test.VerifyHomePage@78b66d36]" started-at="2022-02-02T12:28:08Z" name="loginFlipkart" finished-at="2022-02-02T12:30:41Z" duration-ms="153117" status="PASS">
          <reporter-output>
          </reporter-output>
        </test-method> <!-- loginFlipkart -->
        <test-method signature="toVerifyTravelButtonTab()[pri:1, instance:test.VerifyHomePage@78b66d36]" started-at="2022-02-02T12:30:41Z" name="toVerifyTravelButtonTab" finished-at="2022-02-02T12:30:44Z" duration-ms="3292" status="FAIL">
          <exception class="org.openqa.selenium.ElementNotInteractableException">
            <message>
              <![CDATA[Element <img class="_396cs4" src="//static-assets-web.flixcart.com/www/linchpin/fk-cp-zion/img/placeholder_fcebae.svg"> could not be scrolled into view
Build info: version: '3.141.59', revision: 'e82be7d358', time: '2018-11-14T08:17:03'
System info: host: 'DESKTOP-FN3OND2', ip: '192.168.43.77', os.name: 'Windows 10', os.arch: 'amd64', os.version: '10.0', java.version: '16.0.1'
Driver info: org.openqa.selenium.firefox.FirefoxDriver
Capabilities {acceptInsecureCerts: true, browserName: firefox, browserVersion: 95.0.2, javascriptEnabled: true, moz:accessibilityChecks: false, moz:buildID: 20211218203254, moz:geckodriverVersion: 0.27.0, moz:headless: false, moz:processID: 13376, moz:profile: C:\Users\User\AppData\Local..., moz:shutdownTimeout: 60000, moz:useNonSpecCompliantPointerOrigin: false, moz:webdriverClick: true, pageLoadStrategy: normal, platform: WINDOWS, platformName: WINDOWS, platformVersion: 10.0, proxy: Proxy(), setWindowRect: true, strictFileInteractability: false, timeouts: {implicit: 0, pageLoad: 300000, script: 30000}, unhandledPromptBehavior: dismiss and notify}
Session ID: 1893f689-094b-4b3d-861b-178495de42e4]]>
            </message>
            <full-stacktrace>
              <![CDATA[org.openqa.selenium.ElementNotInteractableException: Element <img class="_396cs4" src="//static-assets-web.flixcart.com/www/linchpin/fk-cp-zion/img/placeholder_fcebae.svg"> could not be scrolled into view
Build info: version: '3.141.59', revision: 'e82be7d358', time: '2018-11-14T08:17:03'
System info: host: 'DESKTOP-FN3OND2', ip: '192.168.43.77', os.name: 'Windows 10', os.arch: 'amd64', os.version: '10.0', java.version: '16.0.1'
Driver info: org.openqa.selenium.firefox.FirefoxDriver
Capabilities {acceptInsecureCerts: true, browserName: firefox, browserVersion: 95.0.2, javascriptEnabled: true, moz:accessibilityChecks: false, moz:buildID: 20211218203254, moz:geckodriverVersion: 0.27.0, moz:headless: false, moz:processID: 13376, moz:profile: C:\Users\User\AppData\Local..., moz:shutdownTimeout: 60000, moz:useNonSpecCompliantPointerOrigin: false, moz:webdriverClick: true, pageLoadStrategy: normal, platform: WINDOWS, platformName: WINDOWS, platformVersion: 10.0, proxy: Proxy(), setWindowRect: true, strictFileInteractability: false, timeouts: {implicit: 0, pageLoad: 300000, script: 30000}, unhandledPromptBehavior: dismiss and notify}
Session ID: 1893f689-094b-4b3d-861b-178495de42e4
at java.base/jdk.internal.reflect.NativeConstructorAccessorImpl.newInstance0(Native Method)
at java.base/jdk.internal.reflect.NativeConstructorAccessorImpl.newInstance(NativeConstructorAccessorImpl.java:78)
at java.base/jdk.internal.reflect.DelegatingConstructorAccessorImpl.newInstance(DelegatingConstructorAccessorImpl.java:45)
at java.base/java.lang.reflect.Constructor.newInstanceWithCaller(Constructor.java:499)
at java.base/java.lang.reflect.Constructor.newInstance(Constructor.java:480)
at org.openqa.selenium.remote.http.W3CHttpResponseCodec.createException(W3CHttpResponseCodec.java:187)
at org.openqa.selenium.remote.http.W3CHttpResponseCodec.decode(W3CHttpResponseCodec.java:122)
at org.openqa.selenium.remote.http.W3CHttpResponseCodec.decode(W3CHttpResponseCodec.java:49)
at org.openqa.selenium.remote.HttpCommandExecutor.execute(HttpCommandExecutor.java:158)
at org.openqa.selenium.remote.service.DriverCommandExecutor.execute(DriverCommandExecutor.java:83)
at org.openqa.selenium.remote.RemoteWebDriver.execute(RemoteWebDriver.java:552)
at org.openqa.selenium.remote.RemoteWebElement.execute(RemoteWebElement.java:285)
at org.openqa.selenium.remote.RemoteWebElement.click(RemoteWebElement.java:84)
at java.base/jdk.internal.reflect.NativeMethodAccessorImpl.invoke0(Native Method)
at java.base/jdk.internal.reflect.NativeMethodAccessorImpl.invoke(NativeMethodAccessorImpl.java:78)
at java.base/jdk.internal.reflect.DelegatingMethodAccessorImpl.invoke(DelegatingMethodAccessorImpl.java:43)
at java.base/java.lang.reflect.Method.invoke(Method.java:567)
at org.openqa.selenium.support.pagefactory.internal.LocatingElementHandler.invoke(LocatingElementHandler.java:51)
at jdk.proxy2/jdk.proxy2.$Proxy16.click(Unknown Source)
at pom.HomePage.travelButtonClick(HomePage.java:40)
at test.VerifyHomePage.toVerifyTravelButtonTab(VerifyHomePage.java:78)
at java.base/jdk.internal.reflect.NativeMethodAccessorImpl.invoke0(Native Method)
at java.base/jdk.internal.reflect.NativeMethodAccessorImpl.invoke(NativeMethodAccessorImpl.java:78)
at java.base/jdk.internal.reflect.DelegatingMethodAccessorImpl.invoke(DelegatingMethodAccessorImpl.java:43)
at java.base/java.lang.reflect.Method.invoke(Method.java:567)
at org.testng.internal.MethodInvocationHelper.invokeMethod(MethodInvocationHelper.java:124)
at org.testng.internal.Invoker.invokeMethod(Invoker.java:583)
at org.testng.internal.Invoker.invokeTestMethod(Invoker.java:719)
at org.testng.internal.Invoker.invokeTestMethods(Invoker.java:989)
at org.testng.internal.TestMethodWorker.invokeTestMethods(TestMethodWorker.java:125)
at org.testng.internal.TestMethodWorker.run(TestMethodWorker.java:109)
at org.testng.TestRunner.privateRun(TestRunner.java:648)
at org.testng.TestRunner.run(TestRunner.java:505)
at org.testng.SuiteRunner.runTest(SuiteRunner.java:455)
at org.testng.SuiteRunner.access$000(SuiteRunner.java:40)
at org.testng.SuiteRunner$SuiteWorker.run(SuiteRunner.java:489)
at org.testng.internal.thread.ThreadUtil$1.call(ThreadUtil.java:52)
at java.base/java.util.concurrent.FutureTask.run(FutureTask.java:264)
at java.base/java.util.concurrent.ThreadPoolExecutor.runWorker(ThreadPoolExecutor.java:1130)
at java.base/java.util.concurrent.ThreadPoolExecutor$Worker.run(ThreadPoolExecutor.java:630)
at java.base/java.lang.Thread.run(Thread.java:831)
]]>
            </full-stacktrace>
          </exception> <!-- org.openqa.selenium.ElementNotInteractableException -->
          <reporter-output>
          </reporter-output>
        </test-method> <!-- toVerifyTravelButtonTab -->
        <test-method is-config="true" signature="logOutFlipkart(org.testng.ITestResult)[pri:0, instance:test.VerifyHomePage@78b66d36]" started-at="2022-02-02T12:30:44Z" name="logOutFlipkart" finished-at="2022-02-02T12:30:52Z" duration-ms="7588" status="FAIL">
          <params>
            <param index="0">
              <value>
                <![CDATA[[TestResult name=toVerifyTravelButtonTab status=FAILURE method=VerifyHomePage.toVerifyTravelButtonTab()[pri:1, instance:test.VerifyHomePage@78b66d36] output={null}]]]>
              </value>
            </param>
          </params>
          <exception class="java.io.FileNotFoundException">
            <message>
              <![CDATA[test-output\testScreenshots\Test_101Date and Time.jpg (The system cannot find the path specified)]]>
            </message>
            <full-stacktrace>
              <![CDATA[java.io.FileNotFoundException: test-output\testScreenshots\Test_101Date and Time.jpg (The system cannot find the path specified)
at java.base/java.io.FileOutputStream.open0(Native Method)
at java.base/java.io.FileOutputStream.open(FileOutputStream.java:291)
at java.base/java.io.FileOutputStream.<init>(FileOutputStream.java:234)
at java.base/java.io.FileOutputStream.<init>(FileOutputStream.java:184)
at org.openqa.selenium.io.FileHandler.copyFile(FileHandler.java:138)
at org.openqa.selenium.io.FileHandler.copy(FileHandler.java:117)
at Utils.Utility2.saveScrenshot(Utility2.java:19)
at test.VerifyHomePage.logOutFlipkart(VerifyHomePage.java:115)
at java.base/jdk.internal.reflect.NativeMethodAccessorImpl.invoke0(Native Method)
at java.base/jdk.internal.reflect.NativeMethodAccessorImpl.invoke(NativeMethodAccessorImpl.java:78)
at java.base/jdk.internal.reflect.DelegatingMethodAccessorImpl.invoke(DelegatingMethodAccessorImpl.java:43)
at java.base/java.lang.reflect.Method.invoke(Method.java:567)
at org.testng.internal.MethodInvocationHelper.invokeMethod(MethodInvocationHelper.java:124)
at org.testng.internal.MethodInvocationHelper.invokeMethodConsideringTimeout(MethodInvocationHelper.java:59)
at org.testng.internal.Invoker.invokeConfigurationMethod(Invoker.java:458)
at org.testng.internal.Invoker.invokeConfigurations(Invoker.java:222)
at org.testng.internal.Invoker.invokeMethod(Invoker.java:646)
at org.testng.internal.Invoker.invokeTestMethod(Invoker.java:719)
at org.testng.internal.Invoker.invokeTestMethods(Invoker.java:989)
at org.testng.internal.TestMethodWorker.invokeTestMethods(TestMethodWorker.java:125)
at org.testng.internal.TestMethodWorker.run(TestMethodWorker.java:109)
at org.testng.TestRunner.privateRun(TestRunner.java:648)
at org.testng.TestRunner.run(TestRunner.java:505)
at org.testng.SuiteRunner.runTest(SuiteRunner.java:455)
at org.testng.SuiteRunner.access$000(SuiteRunner.java:40)
at org.testng.SuiteRunner$SuiteWorker.run(SuiteRunner.java:489)
at org.testng.internal.thread.ThreadUtil$1.call(ThreadUtil.java:52)
at java.base/java.util.concurrent.FutureTask.run(FutureTask.java:264)
at java.base/java.util.concurrent.ThreadPoolExecutor.runWorker(ThreadPoolExecutor.java:1130)
at java.base/java.util.concurrent.ThreadPoolExecutor$Worker.run(ThreadPoolExecutor.java:630)
at java.base/java.lang.Thread.run(Thread.java:831)
]]>
            </full-stacktrace>
          </exception> <!-- java.io.FileNotFoundException -->
          <reporter-output>
          </reporter-output>
        </test-method> <!-- logOutFlipkart -->
        <test-method is-config="true" signature="loginFlipkart()[pri:0, instance:test.VerifyHomePage@78b66d36]" started-at="2022-02-02T12:30:52Z" name="loginFlipkart" finished-at="2022-02-02T12:30:52Z" duration-ms="0" status="SKIP">
          <reporter-output>
          </reporter-output>
        </test-method> <!-- loginFlipkart -->
        <test-method signature="toVerifyMyMobiles()[pri:2, instance:test.VerifyHomePage@78b66d36]" started-at="2022-02-02T12:30:52Z" name="toVerifyMyMobiles" finished-at="2022-02-02T12:30:52Z" duration-ms="0" status="SKIP">
          <exception class="java.io.FileNotFoundException">
            <message>
              <![CDATA[test-output\testScreenshots\Test_101Date and Time.jpg (The system cannot find the path specified)]]>
            </message>
            <full-stacktrace>
              <![CDATA[java.io.FileNotFoundException: test-output\testScreenshots\Test_101Date and Time.jpg (The system cannot find the path specified)
at java.base/java.io.FileOutputStream.open0(Native Method)
at java.base/java.io.FileOutputStream.open(FileOutputStream.java:291)
at java.base/java.io.FileOutputStream.<init>(FileOutputStream.java:234)
at java.base/java.io.FileOutputStream.<init>(FileOutputStream.java:184)
at org.openqa.selenium.io.FileHandler.copyFile(FileHandler.java:138)
at org.openqa.selenium.io.FileHandler.copy(FileHandler.java:117)
at Utils.Utility2.saveScrenshot(Utility2.java:19)
at test.VerifyHomePage.logOutFlipkart(VerifyHomePage.java:115)
at java.base/jdk.internal.reflect.NativeMethodAccessorImpl.invoke0(Native Method)
at java.base/jdk.internal.reflect.NativeMethodAccessorImpl.invoke(NativeMethodAccessorImpl.java:78)
at java.base/jdk.internal.reflect.DelegatingMethodAccessorImpl.invoke(DelegatingMethodAccessorImpl.java:43)
at java.base/java.lang.reflect.Method.invoke(Method.java:567)
at org.testng.internal.MethodInvocationHelper.invokeMethod(MethodInvocationHelper.java:124)
at org.testng.internal.MethodInvocationHelper.invokeMethodConsideringTimeout(MethodInvocationHelper.java:59)
at org.testng.internal.Invoker.invokeConfigurationMethod(Invoker.java:458)
at org.testng.internal.Invoker.invokeConfigurations(Invoker.java:222)
at org.testng.internal.Invoker.invokeMethod(Invoker.java:646)
at org.testng.internal.Invoker.invokeTestMethod(Invoker.java:719)
at org.testng.internal.Invoker.invokeTestMethods(Invoker.java:989)
at org.testng.internal.TestMethodWorker.invokeTestMethods(TestMethodWorker.java:125)
at org.testng.internal.TestMethodWorker.run(TestMethodWorker.java:109)
at org.testng.TestRunner.privateRun(TestRunner.java:648)
at org.testng.TestRunner.run(TestRunner.java:505)
at org.testng.SuiteRunner.runTest(SuiteRunner.java:455)
at org.testng.SuiteRunner.access$000(SuiteRunner.java:40)
at org.testng.SuiteRunner$SuiteWorker.run(SuiteRunner.java:489)
at org.testng.internal.thread.ThreadUtil$1.call(ThreadUtil.java:52)
at java.base/java.util.concurrent.FutureTask.run(FutureTask.java:264)
at java.base/java.util.concurrent.ThreadPoolExecutor.runWorker(ThreadPoolExecutor.java:1130)
at java.base/java.util.concurrent.ThreadPoolExecutor$Worker.run(ThreadPoolExecutor.java:630)
at java.base/java.lang.Thread.run(Thread.java:831)
]]>
            </full-stacktrace>
          </exception> <!-- java.io.FileNotFoundException -->
          <reporter-output>
          </reporter-output>
        </test-method> <!-- toVerifyMyMobiles -->
        <test-method is-config="true" signature="logOutFlipkart(org.testng.ITestResult)[pri:0, instance:test.VerifyHomePage@78b66d36]" started-at="2022-02-02T12:30:52Z" name="logOutFlipkart" finished-at="2022-02-02T12:30:52Z" duration-ms="0" status="SKIP">
          <reporter-output>
          </reporter-output>
        </test-method> <!-- logOutFlipkart -->
        <test-method is-config="true" signature="closeBrowser()[pri:0, instance:test.VerifyHomePage@78b66d36]" started-at="2022-02-02T12:30:52Z" name="closeBrowser" finished-at="2022-02-02T12:30:52Z" duration-ms="0" status="SKIP">
          <reporter-output>
          </reporter-output>
        </test-method> <!-- closeBrowser -->
      </class> <!-- test.VerifyHomePage -->
    </test> <!-- FirefoxTest -->
  </suite> <!-- Suite -->
</testng-results>
